Flutter crash report.
Please report a bug at https://github.com/flutter/flutter/issues.

## command

flutter run --machine --target lib\main.dart -d emulator-5554 --dart-define=flutter.inspector.structuredErrors=true --start-paused --web-server-debug-protocol ws --web-allow-expose-url

## exception

ClientException: Connection closed while receiving data

```
#0      IOClient.send.<anonymous closure> (package:http/src/io_client.dart:50:13)
#1      _invokeErrorHandler (dart:async/async_error.dart:16:24)
#2      _HandleErrorStream._handleError (dart:async/stream_pipe.dart:282:9)
#3      _ForwardingStreamSubscription._handleError (dart:async/stream_pipe.dart:161:13)
#4      _HttpClientResponse.listen.<anonymous closure> (dart:_http/http_impl.dart:441:16)
#5      _rootRunBinary (dart:async/zone.dart:1210:47)
#6      _CustomZone.runBinary (dart:async/zone.dart:1104:19)
#7      _CustomZone.runBinaryGuarded (dart:async/zone.dart:1010:7)
#8      _BufferingStreamSubscription._sendError.sendError (dart:async/stream_impl.dart:376:15)
#9      _BufferingStreamSubscription._sendError (dart:async/stream_impl.dart:394:16)
#10     _BufferingStreamSubscription._addError (dart:async/stream_impl.dart:294:7)
#11     _ForwardingStreamSubscription._addError (dart:async/stream_pipe.dart:132:11)
#12     _addErrorWithReplacement (dart:async/stream_pipe.dart:180:8)
#13     _HandleErrorStream._handleError (dart:async/stream_pipe.dart:287:11)
#14     _ForwardingStreamSubscription._handleError (dart:async/stream_pipe.dart:161:13)
#15     _rootRunBinary (dart:async/zone.dart:1210:47)
#16     _CustomZone.runBinary (dart:async/zone.dart:1104:19)
#17     _CustomZone.runBinaryGuarded (dart:async/zone.dart:1010:7)
#18     _BufferingStreamSubscription._sendError.sendError (dart:async/stream_impl.dart:376:15)
#19     _BufferingStreamSubscription._sendError (dart:async/stream_impl.dart:394:16)
#20     _BufferingStreamSubscription._addError (dart:async/stream_impl.dart:294:7)
#21     _SyncStreamControllerDispatch._sendError (dart:async/stream_controller.dart:811:19)
#22     _StreamController._addError (dart:async/stream_controller.dart:689:7)
#23     _StreamController.addError (dart:async/stream_controller.dart:641:5)
#24     _HttpParser._reportBodyError (dart:_http/http_parser.dart:1158:22)
#25     _HttpParser._onDone (dart:_http/http_parser.dart:865:9)
#26     _rootRun (dart:async/zone.dart:1178:47)
#27     _CustomZone.run (dart:async/zone.dart:1090:19)
#28     _CustomZone.runGuarded (dart:async/zone.dart:994:7)
#29     _BufferingStreamSubscription._sendDone.sendDone (dart:async/stream_impl.dart:410:13)
#30     _BufferingStreamSubscription._sendDone (dart:async/stream_impl.dart:420:15)
#31     _BufferingStreamSubscription._close (dart:async/stream_impl.dart:305:7)
#32     _SyncStreamControllerDispatch._sendDone (dart:async/stream_controller.dart:815:19)
#33     _StreamController._closeUnchecked (dart:async/stream_controller.dart:670:7)
#34     _StreamController.close (dart:async/stream_controller.dart:663:5)
#35     _Socket._onData (dart:io-patch/socket_patch.dart:2025:21)
#36     _rootRunUnary (dart:async/zone.dart:1194:47)
#37     _CustomZone.runUnary (dart:async/zone.dart:1097:19)
#38     _CustomZone.runUnaryGuarded (dart:async/zone.dart:1002:7)
#39     _BufferingStreamSubscription._sendData (dart:async/stream_impl.dart:357:11)
#40     _BufferingStreamSubscription._add (dart:async/stream_impl.dart:285:7)
#41     _SyncStreamControllerDispatch._sendData (dart:async/stream_controller.dart:807:19)
#42     _StreamController._add (dart:async/stream_controller.dart:681:7)
#43     _StreamController.add (dart:async/stream_controller.dart:624:5)
#44     new _RawSocket.<anonymous closure> (dart:io-patch/socket_patch.dart:1561:35)
#45     _NativeSocket.issueReadEvent.issue (dart:io-patch/socket_patch.dart:1059:18)
#46     _rootRun (dart:async/zone.dart:1178:47)
#47     _CustomZone.run (dart:async/zone.dart:1090:19)
#48     _CustomZone.runGuarded (dart:async/zone.dart:994:7)
#49     _CustomZone.bindCallbackGuarded.<anonymous closure> (dart:async/zone.dart:1034:23)
#50     _rootRun (dart:async/zone.dart:1186:13)
#51     _CustomZone.run (dart:async/zone.dart:1090:19)
#52     _CustomZone.runGuarded (dart:async/zone.dart:994:7)
#53     _CustomZone.bindCallbackGuarded.<anonymous closure> (dart:async/zone.dart:1034:23)
#54     _microtaskLoop (dart:async/schedule_microtask.dart:41:21)
#55     _startMicrotaskLoop (dart:async/schedule_microtask.dart:50:5)
#56     _runPendingImmediateCallback (dart:isolate-patch/isolate_patch.dart:120:13)
#57     _RawReceivePortImpl._handleMessage (dart:isolate-patch/isolate_patch.dart:185:5)
```

## flutter doctor

```
[✓] Flutter (Channel master, 1.26.0-2.0.pre.134, on Microsoft Windows [Version 10.0.19042.1052], locale en-US)
    • Flutter version 1.26.0-2.0.pre.134 at C:\flutter
    • Framework revision d61d7758ed (6 months ago), 2020-12-24 21:42:25 -0800
    • Engine revision 1c975f1e7c
    • Dart version 2.12.0 (build 2.12.0-177.0.dev)

[✓] Android toolchain - develop for Android devices (Android SDK version 30.0.1)
    • Android SDK at C:\Users\usre\AppData\Local\Android\sdk
    • Platform android-30, build-tools 30.0.1
    • Java binary at: C:\Program Files\Android\Android Studio\jre\bin\java
    • Java version OpenJDK Runtime Environment (build 1.8.0_242-release-1644-b01)
    • All Android licenses accepted.

[✓] Chrome - develop for the web
    • Chrome at C:\Program Files (x86)\Google\Chrome\Application\chrome.exe

[✓] Android Studio (version 4.0)
    • Android Studio at C:\Program Files\Android\Android Studio
    • Flutter plugin version 47.1.2
    • Dart plugin version 193.7361
    • Java version OpenJDK Runtime Environment (build 1.8.0_242-release-1644-b01)

[✓] VS Code (version 1.57.0)
    • VS Code at C:\Users\usre\AppData\Local\Programs\Microsoft VS Code
    • Flutter extension version 3.23.0

[✓] Connected device (4 available)
    • AMN LX9 (mobile)                   • 7YBNU19927122448 • android-arm    • Android 9 (API 28)
    • Android SDK built for x86 (mobile) • emulator-5554    • android-x86    • Android 5.1.1 (API 22) (emulator)
    • Chrome (web)                       • chrome           • web-javascript • Google Chrome 91.0.4472.101
    • Edge (web)                         • edge             • web-javascript • Microsoft Edge 91.0.864.48

• No issues found!
```
